# JRE version: Java(TM) SE Runtime Environment (8.0_391) (build 1.8.0_391-b13)
# Java VM: Java HotSpot(TM) 64-Bit Server VM (25.391-b13 mixed mode windows-amd64 compressed oops)
Heap:
 PSYoungGen      total 832000K, used 470573K [0x0000000741800000, 0x0000000777a00000, 0x00000007c0000000)
  eden space 802304K, 58% used [0x0000000741800000,0x000000075e38b708,0x0000000772780000)
  from space 29696K, 0% used [0x0000000774880000,0x0000000774880000,0x0000000776580000)
  to   space 33792K, 0% used [0x0000000772780000,0x0000000772780000,0x0000000774880000)
 ParOldGen       total 393216K, used 69169K [0x0000000644800000, 0x000000065c800000, 0x0000000741800000)
  object space 393216K, 17% used [0x0000000644800000,0x0000000648b8c628,0x000000065c800000)
 Metaspace       used 105391K, capacity 110072K, committed 110336K, reserved 1144832K
  class space    used 13525K, capacity 14299K, committed 14336K, reserved 1048576K
GC Heap History (10 events):
Event: 14.844 GC heap before
{Heap before GC invocations=14 (full 3):
 PSYoungGen      total 522752K, used 522492K [0x0000000741800000, 0x0000000764680000, 0x00000007c0000000)
  eden space 503808K, 100% used [0x0000000741800000,0x0000000760400000,0x0000000760400000)
  from space 18944K, 98% used [0x0000000763400000,0x000000076463f100,0x0000000764680000)
  to   space 22016K, 0% used [0x0000000761b80000,0x0000000761b80000,0x0000000763100000)
 ParOldGen       total 264704K, used 27386K [0x0000000644800000, 0x0000000654a80000, 0x0000000741800000)
  object space 264704K, 10% used [0x0000000644800000,0x00000006462bea60,0x0000000654a80000)
 Metaspace       used 77388K, capacity 80798K, committed 80896K, reserved 1120256K
  class space    used 9882K, capacity 10438K, committed 10496K, reserved 1048576K
Event: 14.865 GC heap after
Heap after GC invocations=14 (full 3):
 PSYoungGen      total 549888K, used 22000K [0x0000000741800000, 0x000000076c280000, 0x00000007c0000000)
  eden space 527872K, 0% used [0x0000000741800000,0x0000000741800000,0x0000000761b80000)
  from space 22016K, 99% used [0x0000000761b80000,0x00000007630fc090,0x0000000763100000)
  to   space 27648K, 0% used [0x000000076a780000,0x000000076a780000,0x000000076c280000)
 ParOldGen       total 264704K, used 35447K [0x0000000644800000, 0x0000000654a80000, 0x0000000741800000)
  object space 264704K, 13% used [0x0000000644800000,0x0000000646a9dd78,0x0000000654a80000)
 Metaspace       used 77388K, capacity 80798K, committed 80896K, reserved 1120256K
  class space    used 9882K, capacity 10438K, committed 10496K, reserved 1048576K
}
Event: 17.607 GC heap before
{Heap before GC invocations=15 (full 3):
 PSYoungGen      total 549888K, used 549872K [0x0000000741800000, 0x000000076c280000, 0x00000007c0000000)
  eden space 527872K, 100% used [0x0000000741800000,0x0000000761b80000,0x0000000761b80000)
  from space 22016K, 99% used [0x0000000761b80000,0x00000007630fc090,0x0000000763100000)
  to   space 27648K, 0% used [0x000000076a780000,0x000000076a780000,0x000000076c280000)
 ParOldGen       total 264704K, used 35447K [0x0000000644800000, 0x0000000654a80000, 0x0000000741800000)
  object space 264704K, 13% used [0x0000000644800000,0x0000000646a9dd78,0x0000000654a80000)
 Metaspace       used 80830K, capacity 84480K, committed 84608K, reserved 1122304K
  class space    used 10201K, capacity 10801K, committed 10880K, reserved 1048576K
Event: 17.627 GC heap after
Heap after GC invocations=15 (full 3):
 PSYoungGen      total 672256K, used 13883K [0x0000000741800000, 0x000000076d600000, 0x00000007c0000000)
  eden space 644608K, 0% used [0x0000000741800000,0x0000000741800000,0x0000000768d80000)
  from space 27648K, 50% used [0x000000076a780000,0x000000076b50efd0,0x000000076c280000)
  to   space 26624K, 0% used [0x0000000768d80000,0x0000000768d80000,0x000000076a780000)
 ParOldGen       total 264704K, used 57048K [0x0000000644800000, 0x0000000654a80000, 0x0000000741800000)
  object space 264704K, 21% used [0x0000000644800000,0x0000000647fb60c8,0x0000000654a80000)
 Metaspace       used 80830K, capacity 84480K, committed 84608K, reserved 1122304K
  class space    used 10201K, capacity 10801K, committed 10880K, reserved 1048576K
}
Event: 20.049 GC heap before
{Heap before GC invocations=16 (full 3):
 PSYoungGen      total 672256K, used 658491K [0x0000000741800000, 0x000000076d600000, 0x00000007c0000000)
  eden space 644608K, 100% used [0x0000000741800000,0x0000000768d80000,0x0000000768d80000)
  from space 27648K, 50% used [0x000000076a780000,0x000000076b50efd0,0x000000076c280000)
  to   space 26624K, 0% used [0x0000000768d80000,0x0000000768d80000,0x000000076a780000)
 ParOldGen       total 264704K, used 57048K [0x0000000644800000, 0x0000000654a80000, 0x0000000741800000)
  object space 264704K, 21% used [0x0000000644800000,0x0000000647fb60c8,0x0000000654a80000)
 Metaspace       used 86335K, capacity 90108K, committed 90368K, reserved 1128448K
  class space    used 10772K, capacity 11407K, committed 11520K, reserved 1048576K
Event: 20.068 GC heap after
Heap after GC invocations=16 (full 3):
 PSYoungGen      total 671232K, used 25593K [0x0000000741800000, 0x0000000776580000, 0x00000007c0000000)
  eden space 644608K, 0% used [0x0000000741800000,0x0000000741800000,0x0000000768d80000)
  from space 26624K, 96% used [0x0000000768d80000,0x000000076a67e408,0x000000076a780000)
  to   space 29696K, 0% used [0x0000000774880000,0x0000000774880000,0x0000000776580000)
 ParOldGen       total 264704K, used 57056K [0x0000000644800000, 0x0000000654a80000, 0x0000000741800000)
  object space 264704K, 21% used [0x0000000644800000,0x0000000647fb80c8,0x0000000654a80000)
 Metaspace       used 86335K, capacity 90108K, committed 90368K, reserved 1128448K
  class space    used 10772K, capacity 11407K, committed 11520K, reserved 1048576K
}
Event: 21.233 GC heap before
{Heap before GC invocations=17 (full 3):
 PSYoungGen      total 671232K, used 294469K [0x0000000741800000, 0x0000000776580000, 0x00000007c0000000)
  eden space 644608K, 41% used [0x0000000741800000,0x0000000751e93180,0x0000000768d80000)
  from space 26624K, 96% used [0x0000000768d80000,0x000000076a67e408,0x000000076a780000)
  to   space 29696K, 0% used [0x0000000774880000,0x0000000774880000,0x0000000776580000)
 ParOldGen       total 264704K, used 57056K [0x0000000644800000, 0x0000000654a80000, 0x0000000741800000)
  object space 264704K, 21% used [0x0000000644800000,0x0000000647fb80c8,0x0000000654a80000)
 Metaspace       used 94202K, capacity 98250K, committed 98380K, reserved 1134592K
  class space    used 12053K, capacity 12728K, committed 12800K, reserved 1048576K
Event: 21.252 GC heap after
Heap after GC invocations=17 (full 3):
 PSYoungGen      total 832000K, used 29668K [0x0000000741800000, 0x0000000777a00000, 0x00000007c0000000)
  eden space 802304K, 0% used [0x0000000741800000,0x0000000741800000,0x0000000772780000)
  from space 29696K, 99% used [0x0000000774880000,0x00000007765791f8,0x0000000776580000)
  to   space 33792K, 0% used [0x0000000772780000,0x0000000772780000,0x0000000774880000)
 ParOldGen       total 264704K, used 57557K [0x0000000644800000, 0x0000000654a80000, 0x0000000741800000)
  object space 264704K, 21% used [0x0000000644800000,0x0000000648035400,0x0000000654a80000)
 Metaspace       used 94202K, capacity 98250K, committed 98380K, reserved 1134592K
  class space    used 12053K, capacity 12728K, committed 12800K, reserved 1048576K
}
Event: 21.253 GC heap before
{Heap before GC invocations=18 (full 4):
 PSYoungGen      total 832000K, used 29668K [0x0000000741800000, 0x0000000777a00000, 0x00000007c0000000)
  eden space 802304K, 0% used [0x0000000741800000,0x0000000741800000,0x0000000772780000)
  from space 29696K, 99% used [0x0000000774880000,0x00000007765791f8,0x0000000776580000)
  to   space 33792K, 0% used [0x0000000772780000,0x0000000772780000,0x0000000774880000)
 ParOldGen       total 264704K, used 57557K [0x0000000644800000, 0x0000000654a80000, 0x0000000741800000)
  object space 264704K, 21% used [0x0000000644800000,0x0000000648035400,0x0000000654a80000)
 Metaspace       used 94202K, capacity 98250K, committed 98380K, reserved 1134592K
  class space    used 12053K, capacity 12728K, committed 12800K, reserved 1048576K
Event: 21.413 GC heap after
Heap after GC invocations=18 (full 4):
 PSYoungGen      total 832000K, used 0K [0x0000000741800000, 0x0000000777a00000, 0x00000007c0000000)
  eden space 802304K, 0% used [0x0000000741800000,0x0000000741800000,0x0000000772780000)
  from space 29696K, 0% used [0x0000000774880000,0x0000000774880000,0x0000000776580000)
  to   space 33792K, 0% used [0x0000000772780000,0x0000000772780000,0x0000000774880000)
 ParOldGen       total 393216K, used 69169K [0x0000000644800000, 0x000000065c800000, 0x0000000741800000)
  object space 393216K, 17% used [0x0000000644800000,0x0000000648b8c628,0x000000065c800000)
 Metaspace       used 94202K, capacity 98250K, committed 98380K, reserved 1134592K
  class space    used 12053K, capacity 12728K, committed 12800K, reserved 1048576K
}

