# JRE version: Java(TM) SE Runtime Environment (8.0_391) (build 1.8.0_391-b13)
# Java VM: Java HotSpot(TM) 64-Bit Server VM (25.391-b13 mixed mode windows-amd64 compressed oops)
Heap:
 PSYoungGen      total 804864K, used 440701K [0x0000000741800000, 0x0000000775800000, 0x00000007c0000000)
  eden space 768512K, 57% used [0x0000000741800000,0x000000075c65f658,0x0000000770680000)
  from space 36352K, 0% used [0x0000000772900000,0x0000000772900000,0x0000000774c80000)
  to   space 35328K, 0% used [0x0000000770680000,0x0000000770680000,0x0000000772900000)
 ParOldGen       total 402944K, used 69212K [0x0000000644800000, 0x000000065d180000, 0x0000000741800000)
  object space 402944K, 17% used [0x0000000644800000,0x0000000648b97030,0x000000065d180000)
 Metaspace       used 106658K, capacity 111532K, committed 111872K, reserved 1146880K
  class space    used 13686K, capacity 14471K, committed 14592K, reserved 1048576K
GC Heap History (10 events):
Event: 18.142 GC heap before
{Heap before GC invocations=14 (full 3):
 PSYoungGen      total 511488K, used 511192K [0x0000000741800000, 0x0000000763f00000, 0x00000007c0000000)
  eden space 492544K, 100% used [0x0000000741800000,0x000000075f900000,0x000000075f900000)
  from space 18944K, 98% used [0x0000000762c80000,0x0000000763eb6160,0x0000000763f00000)
  to   space 22016K, 0% used [0x0000000761400000,0x0000000761400000,0x0000000762980000)
 ParOldGen       total 269824K, used 27333K [0x0000000644800000, 0x0000000654f80000, 0x0000000741800000)
  object space 269824K, 10% used [0x0000000644800000,0x00000006462b17e0,0x0000000654f80000)
 Metaspace       used 77306K, capacity 80706K, committed 80896K, reserved 1120256K
  class space    used 9878K, capacity 10434K, committed 10496K, reserved 1048576K
Event: 18.179 GC heap after
Heap after GC invocations=14 (full 3):
 PSYoungGen      total 542208K, used 21984K [0x0000000741800000, 0x000000076b080000, 0x00000007c0000000)
  eden space 520192K, 0% used [0x0000000741800000,0x0000000741800000,0x0000000761400000)
  from space 22016K, 99% used [0x0000000761400000,0x00000007629780a0,0x0000000762980000)
  to   space 27648K, 0% used [0x0000000769580000,0x0000000769580000,0x000000076b080000)
 ParOldGen       total 269824K, used 35297K [0x0000000644800000, 0x0000000654f80000, 0x0000000741800000)
  object space 269824K, 13% used [0x0000000644800000,0x0000000646a787d8,0x0000000654f80000)
 Metaspace       used 77306K, capacity 80706K, committed 80896K, reserved 1120256K
  class space    used 9878K, capacity 10434K, committed 10496K, reserved 1048576K
}
Event: 26.711 GC heap before
{Heap before GC invocations=15 (full 3):
 PSYoungGen      total 542208K, used 542176K [0x0000000741800000, 0x000000076b080000, 0x00000007c0000000)
  eden space 520192K, 100% used [0x0000000741800000,0x0000000761400000,0x0000000761400000)
  from space 22016K, 99% used [0x0000000761400000,0x00000007629780a0,0x0000000762980000)
  to   space 27648K, 0% used [0x0000000769580000,0x0000000769580000,0x000000076b080000)
 ParOldGen       total 269824K, used 35297K [0x0000000644800000, 0x0000000654f80000, 0x0000000741800000)
  object space 269824K, 13% used [0x0000000644800000,0x0000000646a787d8,0x0000000654f80000)
 Metaspace       used 80573K, capacity 84200K, committed 84352K, reserved 1122304K
  class space    used 10192K, capacity 10797K, committed 10880K, reserved 1048576K
Event: 26.730 GC heap after
Heap after GC invocations=15 (full 3):
 PSYoungGen      total 650240K, used 24388K [0x0000000741800000, 0x000000076c680000, 0x00000007c0000000)
  eden space 622592K, 0% used [0x0000000741800000,0x0000000741800000,0x0000000767800000)
  from space 27648K, 88% used [0x0000000769580000,0x000000076ad51010,0x000000076b080000)
  to   space 30208K, 0% used [0x0000000767800000,0x0000000767800000,0x0000000769580000)
 ParOldGen       total 269824K, used 45801K [0x0000000644800000, 0x0000000654f80000, 0x0000000741800000)
  object space 269824K, 16% used [0x0000000644800000,0x00000006474ba678,0x0000000654f80000)
 Metaspace       used 80573K, capacity 84200K, committed 84352K, reserved 1122304K
  class space    used 10192K, capacity 10797K, committed 10880K, reserved 1048576K
}
Event: 29.523 GC heap before
{Heap before GC invocations=16 (full 3):
 PSYoungGen      total 650240K, used 646980K [0x0000000741800000, 0x000000076c680000, 0x00000007c0000000)
  eden space 622592K, 100% used [0x0000000741800000,0x0000000767800000,0x0000000767800000)
  from space 27648K, 88% used [0x0000000769580000,0x000000076ad51010,0x000000076b080000)
  to   space 30208K, 0% used [0x0000000767800000,0x0000000767800000,0x0000000769580000)
 ParOldGen       total 269824K, used 45801K [0x0000000644800000, 0x0000000654f80000, 0x0000000741800000)
  object space 269824K, 16% used [0x0000000644800000,0x00000006474ba678,0x0000000654f80000)
 Metaspace       used 86123K, capacity 89920K, committed 90112K, reserved 1128448K
  class space    used 10762K, capacity 11407K, committed 11520K, reserved 1048576K
Event: 29.547 GC heap after
Heap after GC invocations=16 (full 3):
 PSYoungGen      total 652800K, used 30200K [0x0000000741800000, 0x0000000774c80000, 0x00000007c0000000)
  eden space 622592K, 0% used [0x0000000741800000,0x0000000741800000,0x0000000767800000)
  from space 30208K, 99% used [0x0000000767800000,0x000000076957e288,0x0000000769580000)
  to   space 36352K, 0% used [0x0000000772900000,0x0000000772900000,0x0000000774c80000)
 ParOldGen       total 269824K, used 51759K [0x0000000644800000, 0x0000000654f80000, 0x0000000741800000)
  object space 269824K, 19% used [0x0000000644800000,0x0000000647a8bc50,0x0000000654f80000)
 Metaspace       used 86123K, capacity 89920K, committed 90112K, reserved 1128448K
  class space    used 10762K, capacity 11407K, committed 11520K, reserved 1048576K
}
Event: 31.165 GC heap before
{Heap before GC invocations=17 (full 3):
 PSYoungGen      total 652800K, used 350348K [0x0000000741800000, 0x0000000774c80000, 0x00000007c0000000)
  eden space 622592K, 51% used [0x0000000741800000,0x00000007550a4e10,0x0000000767800000)
  from space 30208K, 99% used [0x0000000767800000,0x000000076957e288,0x0000000769580000)
  to   space 36352K, 0% used [0x0000000772900000,0x0000000772900000,0x0000000774c80000)
 ParOldGen       total 269824K, used 51759K [0x0000000644800000, 0x0000000654f80000, 0x0000000741800000)
  object space 269824K, 19% used [0x0000000644800000,0x0000000647a8bc50,0x0000000654f80000)
 Metaspace       used 94152K, capacity 98254K, committed 98380K, reserved 1134592K
  class space    used 12051K, capacity 12728K, committed 12800K, reserved 1048576K
Event: 31.189 GC heap after
Heap after GC invocations=17 (full 3):
 PSYoungGen      total 804864K, used 19697K [0x0000000741800000, 0x0000000775800000, 0x00000007c0000000)
  eden space 768512K, 0% used [0x0000000741800000,0x0000000741800000,0x0000000770680000)
  from space 36352K, 54% used [0x0000000772900000,0x0000000773c3c468,0x0000000774c80000)
  to   space 35328K, 0% used [0x0000000770680000,0x0000000770680000,0x0000000772900000)
 ParOldGen       total 269824K, used 69446K [0x0000000644800000, 0x0000000654f80000, 0x0000000741800000)
  object space 269824K, 25% used [0x0000000644800000,0x0000000648bd19e0,0x0000000654f80000)
 Metaspace       used 94152K, capacity 98254K, committed 98380K, reserved 1134592K
  class space    used 12051K, capacity 12728K, committed 12800K, reserved 1048576K
}
Event: 31.189 GC heap before
{Heap before GC invocations=18 (full 4):
 PSYoungGen      total 804864K, used 19697K [0x0000000741800000, 0x0000000775800000, 0x00000007c0000000)
  eden space 768512K, 0% used [0x0000000741800000,0x0000000741800000,0x0000000770680000)
  from space 36352K, 54% used [0x0000000772900000,0x0000000773c3c468,0x0000000774c80000)
  to   space 35328K, 0% used [0x0000000770680000,0x0000000770680000,0x0000000772900000)
 ParOldGen       total 269824K, used 69446K [0x0000000644800000, 0x0000000654f80000, 0x0000000741800000)
  object space 269824K, 25% used [0x0000000644800000,0x0000000648bd19e0,0x0000000654f80000)
 Metaspace       used 94152K, capacity 98254K, committed 98380K, reserved 1134592K
  class space    used 12051K, capacity 12728K, committed 12800K, reserved 1048576K
Event: 31.388 GC heap after
Heap after GC invocations=18 (full 4):
 PSYoungGen      total 804864K, used 0K [0x0000000741800000, 0x0000000775800000, 0x00000007c0000000)
  eden space 768512K, 0% used [0x0000000741800000,0x0000000741800000,0x0000000770680000)
  from space 36352K, 0% used [0x0000000772900000,0x0000000772900000,0x0000000774c80000)
  to   space 35328K, 0% used [0x0000000770680000,0x0000000770680000,0x0000000772900000)
 ParOldGen       total 402944K, used 69212K [0x0000000644800000, 0x000000065d180000, 0x0000000741800000)
  object space 402944K, 17% used [0x0000000644800000,0x0000000648b97030,0x000000065d180000)
 Metaspace       used 94152K, capacity 98254K, committed 98380K, reserved 1134592K
  class space    used 12051K, capacity 12728K, committed 12800K, reserved 1048576K
}

