# JRE version: Java(TM) SE Runtime Environment (8.0_391) (build 1.8.0_391-b13)
# Java VM: Java HotSpot(TM) 64-Bit Server VM (25.391-b13 mixed mode windows-amd64 compressed oops)
Heap:
 PSYoungGen      total 601600K, used 339930K [0x0000000741800000, 0x0000000770480000, 0x00000007c0000000)
  eden space 568832K, 59% used [0x0000000741800000,0x00000007563f6ab8,0x0000000764380000)
  from space 32768K, 0% used [0x0000000764380000,0x0000000764380000,0x0000000766380000)
  to   space 37376K, 0% used [0x000000076e000000,0x000000076e000000,0x0000000770480000)
 ParOldGen       total 420864K, used 69756K [0x0000000644800000, 0x000000065e300000, 0x0000000741800000)
  object space 420864K, 16% used [0x0000000644800000,0x0000000648c1f0c8,0x000000065e300000)
 Metaspace       used 104353K, capacity 109134K, committed 109388K, reserved 1144832K
  class space    used 13391K, capacity 14178K, committed 14208K, reserved 1048576K
GC Heap History (10 events):
Event: 15.333 GC heap before
{Heap before GC invocations=13 (full 3):
 PSYoungGen      total 410112K, used 406308K [0x0000000741800000, 0x0000000761600000, 0x00000007c0000000)
  eden space 388096K, 100% used [0x0000000741800000,0x0000000759300000,0x0000000759300000)
  from space 22016K, 82% used [0x0000000759300000,0x000000075a4c93b0,0x000000075a880000)
  to   space 23552K, 0% used [0x000000075ff00000,0x000000075ff00000,0x0000000761600000)
 ParOldGen       total 283648K, used 33690K [0x0000000644800000, 0x0000000655d00000, 0x0000000741800000)
  object space 283648K, 11% used [0x0000000644800000,0x00000006468e6978,0x0000000655d00000)
 Metaspace       used 76960K, capacity 80240K, committed 80384K, reserved 1120256K
  class space    used 9851K, capacity 10385K, committed 10496K, reserved 1048576K
Event: 15.349 GC heap after
Heap after GC invocations=13 (full 3):
 PSYoungGen      total 494592K, used 23538K [0x0000000741800000, 0x0000000761a80000, 0x00000007c0000000)
  eden space 471040K, 0% used [0x0000000741800000,0x0000000741800000,0x000000075e400000)
  from space 23552K, 99% used [0x000000075ff00000,0x00000007615fca20,0x0000000761600000)
  to   space 27648K, 0% used [0x000000075e400000,0x000000075e400000,0x000000075ff00000)
 ParOldGen       total 283648K, used 37033K [0x0000000644800000, 0x0000000655d00000, 0x0000000741800000)
  object space 283648K, 13% used [0x0000000644800000,0x0000000646c2a440,0x0000000655d00000)
 Metaspace       used 76960K, capacity 80240K, committed 80384K, reserved 1120256K
  class space    used 9851K, capacity 10385K, committed 10496K, reserved 1048576K
}
Event: 18.063 GC heap before
{Heap before GC invocations=14 (full 3):
 PSYoungGen      total 494592K, used 494578K [0x0000000741800000, 0x0000000761a80000, 0x00000007c0000000)
  eden space 471040K, 100% used [0x0000000741800000,0x000000075e400000,0x000000075e400000)
  from space 23552K, 99% used [0x000000075ff00000,0x00000007615fca20,0x0000000761600000)
  to   space 27648K, 0% used [0x000000075e400000,0x000000075e400000,0x000000075ff00000)
 ParOldGen       total 283648K, used 37033K [0x0000000644800000, 0x0000000655d00000, 0x0000000741800000)
  object space 283648K, 13% used [0x0000000644800000,0x0000000646c2a440,0x0000000655d00000)
 Metaspace       used 80384K, capacity 83980K, committed 84096K, reserved 1122304K
  class space    used 10179K, capacity 10793K, committed 10880K, reserved 1048576K
Event: 18.083 GC heap after
Heap after GC invocations=14 (full 3):
 PSYoungGen      total 498688K, used 27632K [0x0000000741800000, 0x0000000768400000, 0x00000007c0000000)
  eden space 471040K, 0% used [0x0000000741800000,0x0000000741800000,0x000000075e400000)
  from space 27648K, 99% used [0x000000075e400000,0x000000075fefc0a0,0x000000075ff00000)
  to   space 33280K, 0% used [0x0000000766380000,0x0000000766380000,0x0000000768400000)
 ParOldGen       total 283648K, used 42302K [0x0000000644800000, 0x0000000655d00000, 0x0000000741800000)
  object space 283648K, 14% used [0x0000000644800000,0x000000064714fa00,0x0000000655d00000)
 Metaspace       used 80384K, capacity 83980K, committed 84096K, reserved 1122304K
  class space    used 10179K, capacity 10793K, committed 10880K, reserved 1048576K
}
Event: 19.877 GC heap before
{Heap before GC invocations=15 (full 3):
 PSYoungGen      total 498688K, used 498672K [0x0000000741800000, 0x0000000768400000, 0x00000007c0000000)
  eden space 471040K, 100% used [0x0000000741800000,0x000000075e400000,0x000000075e400000)
  from space 27648K, 99% used [0x000000075e400000,0x000000075fefc0a0,0x000000075ff00000)
  to   space 33280K, 0% used [0x0000000766380000,0x0000000766380000,0x0000000768400000)
 ParOldGen       total 283648K, used 42302K [0x0000000644800000, 0x0000000655d00000, 0x0000000741800000)
  object space 283648K, 14% used [0x0000000644800000,0x000000064714fa00,0x0000000655d00000)
 Metaspace       used 83434K, capacity 87124K, committed 87424K, reserved 1126400K
  class space    used 10422K, capacity 11053K, committed 11136K, reserved 1048576K
Event: 19.899 GC heap after
Heap after GC invocations=15 (full 3):
 PSYoungGen      total 602112K, used 18503K [0x0000000741800000, 0x0000000768900000, 0x00000007c0000000)
  eden space 568832K, 0% used [0x0000000741800000,0x0000000741800000,0x0000000764380000)
  from space 33280K, 55% used [0x0000000766380000,0x0000000767591f10,0x0000000768400000)
  to   space 32768K, 0% used [0x0000000764380000,0x0000000764380000,0x0000000766380000)
 ParOldGen       total 283648K, used 60330K [0x0000000644800000, 0x0000000655d00000, 0x0000000741800000)
  object space 283648K, 21% used [0x0000000644800000,0x00000006482eab08,0x0000000655d00000)
 Metaspace       used 83434K, capacity 87124K, committed 87424K, reserved 1126400K
  class space    used 10422K, capacity 11053K, committed 11136K, reserved 1048576K
}
Event: 21.981 GC heap before
{Heap before GC invocations=16 (full 3):
 PSYoungGen      total 602112K, used 494952K [0x0000000741800000, 0x0000000768900000, 0x00000007c0000000)
  eden space 568832K, 83% used [0x0000000741800000,0x000000075e948260,0x0000000764380000)
  from space 33280K, 55% used [0x0000000766380000,0x0000000767591f10,0x0000000768400000)
  to   space 32768K, 0% used [0x0000000764380000,0x0000000764380000,0x0000000766380000)
 ParOldGen       total 283648K, used 60330K [0x0000000644800000, 0x0000000655d00000, 0x0000000741800000)
  object space 283648K, 21% used [0x0000000644800000,0x00000006482eab08,0x0000000655d00000)
 Metaspace       used 94245K, capacity 98304K, committed 98380K, reserved 1134592K
  class space    used 11999K, capacity 12663K, committed 12672K, reserved 1048576K
Event: 21.999 GC heap after
Heap after GC invocations=16 (full 3):
 PSYoungGen      total 601600K, used 32064K [0x0000000741800000, 0x0000000770480000, 0x00000007c0000000)
  eden space 568832K, 0% used [0x0000000741800000,0x0000000741800000,0x0000000764380000)
  from space 32768K, 97% used [0x0000000764380000,0x00000007662d0270,0x0000000766380000)
  to   space 37376K, 0% used [0x000000076e000000,0x000000076e000000,0x0000000770480000)
 ParOldGen       total 283648K, used 60338K [0x0000000644800000, 0x0000000655d00000, 0x0000000741800000)
  object space 283648K, 21% used [0x0000000644800000,0x00000006482ecb08,0x0000000655d00000)
 Metaspace       used 94245K, capacity 98304K, committed 98380K, reserved 1134592K
  class space    used 11999K, capacity 12663K, committed 12672K, reserved 1048576K
}
Event: 21.999 GC heap before
{Heap before GC invocations=17 (full 4):
 PSYoungGen      total 601600K, used 32064K [0x0000000741800000, 0x0000000770480000, 0x00000007c0000000)
  eden space 568832K, 0% used [0x0000000741800000,0x0000000741800000,0x0000000764380000)
  from space 32768K, 97% used [0x0000000764380000,0x00000007662d0270,0x0000000766380000)
  to   space 37376K, 0% used [0x000000076e000000,0x000000076e000000,0x0000000770480000)
 ParOldGen       total 283648K, used 60338K [0x0000000644800000, 0x0000000655d00000, 0x0000000741800000)
  object space 283648K, 21% used [0x0000000644800000,0x00000006482ecb08,0x0000000655d00000)
 Metaspace       used 94245K, capacity 98304K, committed 98380K, reserved 1134592K
  class space    used 11999K, capacity 12663K, committed 12672K, reserved 1048576K
Event: 22.151 GC heap after
Heap after GC invocations=17 (full 4):
 PSYoungGen      total 601600K, used 0K [0x0000000741800000, 0x0000000770480000, 0x00000007c0000000)
  eden space 568832K, 0% used [0x0000000741800000,0x0000000741800000,0x0000000764380000)
  from space 32768K, 0% used [0x0000000764380000,0x0000000764380000,0x0000000766380000)
  to   space 37376K, 0% used [0x000000076e000000,0x000000076e000000,0x0000000770480000)
 ParOldGen       total 420864K, used 69756K [0x0000000644800000, 0x000000065e300000, 0x0000000741800000)
  object space 420864K, 16% used [0x0000000644800000,0x0000000648c1f0c8,0x000000065e300000)
 Metaspace       used 94245K, capacity 98304K, committed 98380K, reserved 1134592K
  class space    used 11999K, capacity 12663K, committed 12672K, reserved 1048576K
}

