# JRE version: Java(TM) SE Runtime Environment (8.0_391) (build 1.8.0_391-b13)
# Java VM: Java HotSpot(TM) 64-Bit Server VM (25.391-b13 mixed mode windows-amd64 compressed oops)
Heap:
 PSYoungGen      total 930816K, used 435921K [0x0000000741800000, 0x0000000791480000, 0x00000007c0000000)
  eden space 901632K, 48% used [0x0000000741800000,0x000000075c1b46c8,0x0000000778880000)
  from space 29184K, 0% used [0x0000000778880000,0x0000000778880000,0x000000077a500000)
  to   space 29696K, 0% used [0x000000078f780000,0x000000078f780000,0x0000000791480000)
 ParOldGen       total 289280K, used 72098K [0x0000000644800000, 0x0000000656280000, 0x0000000741800000)
  object space 289280K, 24% used [0x0000000644800000,0x0000000648e68a80,0x0000000656280000)
 Metaspace       used 104851K, capacity 109502K, committed 109824K, reserved 1144832K
  class space    used 13511K, capacity 14278K, committed 14336K, reserved 1048576K
GC Heap History (10 events):
Event: 12.767 GC heap before
{Heap before GC invocations=13 (full 3):
 PSYoungGen      total 441344K, used 424448K [0x0000000741800000, 0x000000076b700000, 0x00000007c0000000)
  eden space 424448K, 100% used [0x0000000741800000,0x000000075b680000,0x000000075b680000)
  from space 16896K, 0% used [0x000000075b680000,0x000000075b680000,0x000000075c700000)
  to   space 20992K, 0% used [0x000000076a280000,0x000000076a280000,0x000000076b700000)
 ParOldGen       total 206336K, used 36126K [0x0000000644800000, 0x0000000651180000, 0x0000000741800000)
  object space 206336K, 17% used [0x0000000644800000,0x0000000646b47900,0x0000000651180000)
 Metaspace       used 67946K, capacity 70402K, committed 70656K, reserved 1110016K
  class space    used 8705K, capacity 9110K, committed 9216K, reserved 1048576K
Event: 12.780 GC heap after
Heap after GC invocations=13 (full 3):
 PSYoungGen      total 643584K, used 18967K [0x0000000741800000, 0x000000076b580000, 0x00000007c0000000)
  eden space 624128K, 0% used [0x0000000741800000,0x0000000741800000,0x0000000767980000)
  from space 19456K, 97% used [0x000000076a280000,0x000000076b505e28,0x000000076b580000)
  to   space 22528K, 0% used [0x0000000768980000,0x0000000768980000,0x0000000769f80000)
 ParOldGen       total 206336K, used 36153K [0x0000000644800000, 0x0000000651180000, 0x0000000741800000)
  object space 206336K, 17% used [0x0000000644800000,0x0000000646b4e550,0x0000000651180000)
 Metaspace       used 67946K, capacity 70402K, committed 70656K, reserved 1110016K
  class space    used 8705K, capacity 9110K, committed 9216K, reserved 1048576K
}
Event: 16.266 GC heap before
{Heap before GC invocations=14 (full 3):
 PSYoungGen      total 643584K, used 643095K [0x0000000741800000, 0x000000076b580000, 0x00000007c0000000)
  eden space 624128K, 100% used [0x0000000741800000,0x0000000767980000,0x0000000767980000)
  from space 19456K, 97% used [0x000000076a280000,0x000000076b505e28,0x000000076b580000)
  to   space 22528K, 0% used [0x0000000768980000,0x0000000768980000,0x0000000769f80000)
 ParOldGen       total 206336K, used 36153K [0x0000000644800000, 0x0000000651180000, 0x0000000741800000)
  object space 206336K, 17% used [0x0000000644800000,0x0000000646b4e550,0x0000000651180000)
 Metaspace       used 78459K, capacity 81898K, committed 82048K, reserved 1120256K
  class space    used 10013K, capacity 10562K, committed 10624K, reserved 1048576K
Event: 16.292 GC heap after
Heap after GC invocations=14 (full 3):
 PSYoungGen      total 663040K, used 22512K [0x0000000741800000, 0x000000077c280000, 0x00000007c0000000)
  eden space 640512K, 0% used [0x0000000741800000,0x0000000741800000,0x0000000768980000)
  from space 22528K, 99% used [0x0000000768980000,0x0000000769f7c080,0x0000000769f80000)
  to   space 30208K, 0% used [0x000000077a500000,0x000000077a500000,0x000000077c280000)
 ParOldGen       total 206336K, used 48983K [0x0000000644800000, 0x0000000651180000, 0x0000000741800000)
  object space 206336K, 23% used [0x0000000644800000,0x00000006477d5fe0,0x0000000651180000)
 Metaspace       used 78459K, capacity 81898K, committed 82048K, reserved 1120256K
  class space    used 10013K, capacity 10562K, committed 10624K, reserved 1048576K
}
Event: 19.350 GC heap before
{Heap before GC invocations=15 (full 3):
 PSYoungGen      total 663040K, used 663024K [0x0000000741800000, 0x000000077c280000, 0x00000007c0000000)
  eden space 640512K, 100% used [0x0000000741800000,0x0000000768980000,0x0000000768980000)
  from space 22528K, 99% used [0x0000000768980000,0x0000000769f7c080,0x0000000769f80000)
  to   space 30208K, 0% used [0x000000077a500000,0x000000077a500000,0x000000077c280000)
 ParOldGen       total 206336K, used 48983K [0x0000000644800000, 0x0000000651180000, 0x0000000741800000)
  object space 206336K, 23% used [0x0000000644800000,0x00000006477d5fe0,0x0000000651180000)
 Metaspace       used 82048K, capacity 85718K, committed 85888K, reserved 1124352K
  class space    used 10265K, capacity 10850K, committed 10880K, reserved 1048576K
Event: 19.371 GC heap after
Heap after GC invocations=15 (full 3):
 PSYoungGen      total 931840K, used 12248K [0x0000000741800000, 0x000000077c500000, 0x00000007c0000000)
  eden space 901632K, 0% used [0x0000000741800000,0x0000000741800000,0x0000000778880000)
  from space 30208K, 40% used [0x000000077a500000,0x000000077b0f61e8,0x000000077c280000)
  to   space 29184K, 0% used [0x0000000778880000,0x0000000778880000,0x000000077a500000)
 ParOldGen       total 206336K, used 71056K [0x0000000644800000, 0x0000000651180000, 0x0000000741800000)
  object space 206336K, 34% used [0x0000000644800000,0x0000000648d641a8,0x0000000651180000)
 Metaspace       used 82048K, capacity 85718K, committed 85888K, reserved 1124352K
  class space    used 10265K, capacity 10850K, committed 10880K, reserved 1048576K
}
Event: 21.849 GC heap before
{Heap before GC invocations=16 (full 3):
 PSYoungGen      total 931840K, used 651206K [0x0000000741800000, 0x000000077c500000, 0x00000007c0000000)
  eden space 901632K, 70% used [0x0000000741800000,0x00000007687fb880,0x0000000778880000)
  from space 30208K, 40% used [0x000000077a500000,0x000000077b0f61e8,0x000000077c280000)
  to   space 29184K, 0% used [0x0000000778880000,0x0000000778880000,0x000000077a500000)
 ParOldGen       total 206336K, used 71056K [0x0000000644800000, 0x0000000651180000, 0x0000000741800000)
  object space 206336K, 34% used [0x0000000644800000,0x0000000648d641a8,0x0000000651180000)
 Metaspace       used 94193K, capacity 98254K, committed 98380K, reserved 1134592K
  class space    used 12053K, capacity 12728K, committed 12800K, reserved 1048576K
Event: 21.867 GC heap after
Heap after GC invocations=16 (full 3):
 PSYoungGen      total 930816K, used 20002K [0x0000000741800000, 0x0000000791480000, 0x00000007c0000000)
  eden space 901632K, 0% used [0x0000000741800000,0x0000000741800000,0x0000000778880000)
  from space 29184K, 68% used [0x0000000778880000,0x0000000779c08890,0x000000077a500000)
  to   space 29696K, 0% used [0x000000078f780000,0x000000078f780000,0x0000000791480000)
 ParOldGen       total 206336K, used 81157K [0x0000000644800000, 0x0000000651180000, 0x0000000741800000)
  object space 206336K, 39% used [0x0000000644800000,0x00000006497414a8,0x0000000651180000)
 Metaspace       used 94193K, capacity 98254K, committed 98380K, reserved 1134592K
  class space    used 12053K, capacity 12728K, committed 12800K, reserved 1048576K
}
Event: 21.867 GC heap before
{Heap before GC invocations=17 (full 4):
 PSYoungGen      total 930816K, used 20002K [0x0000000741800000, 0x0000000791480000, 0x00000007c0000000)
  eden space 901632K, 0% used [0x0000000741800000,0x0000000741800000,0x0000000778880000)
  from space 29184K, 68% used [0x0000000778880000,0x0000000779c08890,0x000000077a500000)
  to   space 29696K, 0% used [0x000000078f780000,0x000000078f780000,0x0000000791480000)
 ParOldGen       total 206336K, used 81157K [0x0000000644800000, 0x0000000651180000, 0x0000000741800000)
  object space 206336K, 39% used [0x0000000644800000,0x00000006497414a8,0x0000000651180000)
 Metaspace       used 94193K, capacity 98254K, committed 98380K, reserved 1134592K
  class space    used 12053K, capacity 12728K, committed 12800K, reserved 1048576K
Event: 22.020 GC heap after
Heap after GC invocations=17 (full 4):
 PSYoungGen      total 930816K, used 0K [0x0000000741800000, 0x0000000791480000, 0x00000007c0000000)
  eden space 901632K, 0% used [0x0000000741800000,0x0000000741800000,0x0000000778880000)
  from space 29184K, 0% used [0x0000000778880000,0x0000000778880000,0x000000077a500000)
  to   space 29696K, 0% used [0x000000078f780000,0x000000078f780000,0x0000000791480000)
 ParOldGen       total 289280K, used 72098K [0x0000000644800000, 0x0000000656280000, 0x0000000741800000)
  object space 289280K, 24% used [0x0000000644800000,0x0000000648e68a80,0x0000000656280000)
 Metaspace       used 94193K, capacity 98254K, committed 98380K, reserved 1134592K
  class space    used 12053K, capacity 12728K, committed 12800K, reserved 1048576K
}

