# JRE version: OpenJDK Runtime Environment Temurin-17.0.8.1+1 (17.0.8.1+1) (build 17.0.8.1+1)
# Java VM: OpenJDK 64-Bit Server VM Temurin-17.0.8.1+1 (17.0.8.1+1, mixed mode, tiered, compressed oops, compressed class ptrs, g1 gc, windows-amd64)
GC Precious Log:
 CPUs: 20 total, 20 available
 Memory: 16108M
 Large Page Support: Disabled
 NUMA Support: Disabled
 Compressed Oops: Enabled (Zero based)
 Heap Region Size: 2M
 Heap Min Capacity: 8M
 Heap Initial Capacity: 252M
 Heap Max Capacity: 4028M
 Pre-touch: Disabled
 Parallel Workers: 15
 Concurrent Workers: 4
 Concurrent Refinement Workers: 15
 Periodic GC: Disabled
Heap:
 garbage-first heap   total 262144K, used 171680K [0x0000000704400000, 0x0000000800000000)
  region size 2048K, 38 young (77824K), 4 survivors (8192K)
 Metaspace       used 121435K, committed 122112K, reserved 1179648K
  class space    used 14512K, committed 14848K, reserved 1048576K
GC Heap History (20 events):
Event: 15.417 GC heap before
{Heap before GC invocations=43 (full 0):
 garbage-first heap   total 217088K, used 178110K [0x0000000704400000, 0x0000000800000000)
  region size 2048K, 54 young (110592K), 6 survivors (12288K)
 Metaspace       used 107864K, committed 108480K, reserved 1179648K
  class space    used 13106K, committed 13440K, reserved 1048576K
}
Event: 15.422 GC heap after
{Heap after GC invocations=44 (full 0):
 garbage-first heap   total 217088K, used 83113K [0x0000000704400000, 0x0000000800000000)
  region size 2048K, 5 young (10240K), 5 survivors (10240K)
 Metaspace       used 107864K, committed 108480K, reserved 1179648K
  class space    used 13106K, committed 13440K, reserved 1048576K
}
Event: 151.065 GC heap before
{Heap before GC invocations=44 (full 0):
 garbage-first heap   total 217088K, used 179369K [0x0000000704400000, 0x0000000800000000)
  region size 2048K, 53 young (108544K), 5 survivors (10240K)
 Metaspace       used 115760K, committed 116416K, reserved 1179648K
  class space    used 14069K, committed 14400K, reserved 1048576K
}
Event: 151.071 GC heap after
{Heap after GC invocations=45 (full 0):
 garbage-first heap   total 217088K, used 86120K [0x0000000704400000, 0x0000000800000000)
  region size 2048K, 5 young (10240K), 5 survivors (10240K)
 Metaspace       used 115760K, committed 116416K, reserved 1179648K
  class space    used 14069K, committed 14400K, reserved 1048576K
}
Event: 3534.690 GC heap before
{Heap before GC invocations=45 (full 0):
 garbage-first heap   total 217088K, used 182376K [0x0000000704400000, 0x0000000800000000)
  region size 2048K, 52 young (106496K), 5 survivors (10240K)
 Metaspace       used 120625K, committed 121344K, reserved 1179648K
  class space    used 14472K, committed 14848K, reserved 1048576K
}
Event: 3534.802 GC heap after
{Heap after GC invocations=46 (full 0):
 garbage-first heap   total 217088K, used 95135K [0x0000000704400000, 0x0000000800000000)
  region size 2048K, 7 young (14336K), 7 survivors (14336K)
 Metaspace       used 120625K, committed 121344K, reserved 1179648K
  class space    used 14472K, committed 14848K, reserved 1048576K
}
Event: 9318.261 GC heap before
{Heap before GC invocations=46 (full 0):
 garbage-first heap   total 217088K, used 177055K [0x0000000704400000, 0x0000000800000000)
  region size 2048K, 48 young (98304K), 7 survivors (14336K)
 Metaspace       used 120898K, committed 121664K, reserved 1179648K
  class space    used 14473K, committed 14848K, reserved 1048576K
}
Event: 9318.359 GC heap after
{Heap after GC invocations=47 (full 0):
 garbage-first heap   total 217088K, used 106912K [0x0000000704400000, 0x0000000800000000)
  region size 2048K, 6 young (12288K), 6 survivors (12288K)
 Metaspace       used 120898K, committed 121664K, reserved 1179648K
  class space    used 14473K, committed 14848K, reserved 1048576K
}
Event: 51002.186 GC heap before
{Heap before GC invocations=47 (full 0):
 garbage-first heap   total 217088K, used 174496K [0x0000000704400000, 0x0000000800000000)
  region size 2048K, 39 young (79872K), 6 survivors (12288K)
 Metaspace       used 120966K, committed 121664K, reserved 1179648K
  class space    used 14475K, committed 14848K, reserved 1048576K
}
Event: 51002.216 GC heap after
{Heap after GC invocations=48 (full 0):
 garbage-first heap   total 217088K, used 103116K [0x0000000704400000, 0x0000000800000000)
  region size 2048K, 3 young (6144K), 3 survivors (6144K)
 Metaspace       used 120966K, committed 121664K, reserved 1179648K
  class space    used 14475K, committed 14848K, reserved 1048576K
}
Event: 51002.393 GC heap before
{Heap before GC invocations=48 (full 0):
 garbage-first heap   total 217088K, used 172748K [0x0000000704400000, 0x0000000800000000)
  region size 2048K, 37 young (75776K), 3 survivors (6144K)
 Metaspace       used 121032K, committed 121792K, reserved 1179648K
  class space    used 14481K, committed 14848K, reserved 1048576K
}
Event: 51002.399 GC heap after
{Heap after GC invocations=49 (full 0):
 garbage-first heap   total 217088K, used 102374K [0x0000000704400000, 0x0000000800000000)
  region size 2048K, 2 young (4096K), 2 survivors (4096K)
 Metaspace       used 121032K, committed 121792K, reserved 1179648K
  class space    used 14481K, committed 14848K, reserved 1048576K
}
Event: 51002.546 GC heap before
{Heap before GC invocations=49 (full 0):
 garbage-first heap   total 217088K, used 178150K [0x0000000704400000, 0x0000000800000000)
  region size 2048K, 39 young (79872K), 2 survivors (4096K)
 Metaspace       used 121032K, committed 121792K, reserved 1179648K
  class space    used 14481K, committed 14848K, reserved 1048576K
}
Event: 51002.553 GC heap after
{Heap after GC invocations=50 (full 0):
 garbage-first heap   total 262144K, used 102248K [0x0000000704400000, 0x0000000800000000)
  region size 2048K, 2 young (4096K), 2 survivors (4096K)
 Metaspace       used 121032K, committed 121792K, reserved 1179648K
  class space    used 14481K, committed 14848K, reserved 1048576K
}
Event: 51020.521 GC heap before
{Heap before GC invocations=50 (full 0):
 garbage-first heap   total 262144K, used 210792K [0x0000000704400000, 0x0000000800000000)
  region size 2048K, 56 young (114688K), 2 survivors (4096K)
 Metaspace       used 121106K, committed 121856K, reserved 1179648K
  class space    used 14484K, committed 14848K, reserved 1048576K
}
Event: 51020.526 GC heap after
{Heap after GC invocations=51 (full 0):
 garbage-first heap   total 262144K, used 106842K [0x0000000704400000, 0x0000000800000000)
  region size 2048K, 4 young (8192K), 4 survivors (8192K)
 Metaspace       used 121106K, committed 121856K, reserved 1179648K
  class space    used 14484K, committed 14848K, reserved 1048576K
}
Event: 51022.529 GC heap before
{Heap before GC invocations=51 (full 0):
 garbage-first heap   total 262144K, used 215386K [0x0000000704400000, 0x0000000800000000)
  region size 2048K, 57 young (116736K), 4 survivors (8192K)
 Metaspace       used 121112K, committed 121856K, reserved 1179648K
  class space    used 14484K, committed 14848K, reserved 1048576K
}
Event: 51022.532 GC heap after
{Heap after GC invocations=52 (full 0):
 garbage-first heap   total 262144K, used 105568K [0x0000000704400000, 0x0000000800000000)
  region size 2048K, 4 young (8192K), 4 survivors (8192K)
 Metaspace       used 121112K, committed 121856K, reserved 1179648K
  class space    used 14484K, committed 14848K, reserved 1048576K
}
Event: 61646.195 GC heap before
{Heap before GC invocations=52 (full 0):
 garbage-first heap   total 262144K, used 216160K [0x0000000704400000, 0x0000000800000000)
  region size 2048K, 58 young (118784K), 4 survivors (8192K)
 Metaspace       used 121115K, committed 121856K, reserved 1179648K
  class space    used 14485K, committed 14848K, reserved 1048576K
}
Event: 61646.199 GC heap after
{Heap after GC invocations=53 (full 0):
 garbage-first heap   total 262144K, used 106144K [0x0000000704400000, 0x0000000800000000)
  region size 2048K, 4 young (8192K), 4 survivors (8192K)
 Metaspace       used 121115K, committed 121856K, reserved 1179648K
  class space    used 14485K, committed 14848K, reserved 1048576K
}

